<?xml version="1.0" encoding="UTF-8"?>
<testsuite xmlns:xsi="http://www.w3.org/2001/XMLSchema-instance" xsi:noNamespaceSchemaLocation="https://maven.apache.org/surefire/maven-surefire-plugin/xsd/surefire-test-report-3.0.xsd" version="3.0" name="com.unirio.Meu.Projeto.MeuProjetoApplicationTests" time="9.299" tests="1" errors="0" skipped="0" failures="0">
  <properties>
    <property name="java.specification.version" value="17"/>
    <property name="sun.cpu.isalist" value="amd64"/>
    <property name="sun.jnu.encoding" value="Cp1252"/>
    <property name="java.class.path" value="C:\Risco Cirurgico Back\target\test-classes;C:\Risco Cirurgico Back\target\classes;C:\Users\Junior\.m2\repository\org\springframework\boot\spring-boot-starter-data-jdbc\3.2.5\spring-boot-starter-data-jdbc-3.2.5.jar;C:\Users\Junior\.m2\repository\org\springframework\boot\spring-boot-starter-jdbc\3.2.5\spring-boot-starter-jdbc-3.2.5.jar;C:\Users\Junior\.m2\repository\com\zaxxer\HikariCP\5.0.1\HikariCP-5.0.1.jar;C:\Users\Junior\.m2\repository\org\springframework\spring-jdbc\6.1.6\spring-jdbc-6.1.6.jar;C:\Users\Junior\.m2\repository\org\springframework\data\spring-data-jdbc\3.2.5\spring-data-jdbc-3.2.5.jar;C:\Users\Junior\.m2\repository\org\springframework\data\spring-data-relational\3.2.5\spring-data-relational-3.2.5.jar;C:\Users\Junior\.m2\repository\com\github\jsqlparser\jsqlparser\4.6\jsqlparser-4.6.jar;C:\Users\Junior\.m2\repository\org\springframework\data\spring-data-commons\3.2.5\spring-data-commons-3.2.5.jar;C:\Users\Junior\.m2\repository\org\springframework\spring-tx\6.1.6\spring-tx-6.1.6.jar;C:\Users\Junior\.m2\repository\org\springframework\spring-context\6.1.6\spring-context-6.1.6.jar;C:\Users\Junior\.m2\repository\org\springframework\spring-beans\6.1.6\spring-beans-6.1.6.jar;C:\Users\Junior\.m2\repository\org\slf4j\slf4j-api\2.0.13\slf4j-api-2.0.13.jar;C:\Users\Junior\.m2\repository\org\springframework\boot\spring-boot-starter-data-jpa\3.2.5\spring-boot-starter-data-jpa-3.2.5.jar;C:\Users\Junior\.m2\repository\org\springframework\boot\spring-boot-starter-aop\3.2.5\spring-boot-starter-aop-3.2.5.jar;C:\Users\Junior\.m2\repository\org\aspectj\aspectjweaver\1.9.22\aspectjweaver-1.9.22.jar;C:\Users\Junior\.m2\repository\org\hibernate\orm\hibernate-core\6.4.4.Final\hibernate-core-6.4.4.Final.jar;C:\Users\Junior\.m2\repository\jakarta\persistence\jakarta.persistence-api\3.1.0\jakarta.persistence-api-3.1.0.jar;C:\Users\Junior\.m2\repository\jakarta\transaction\jakarta.transaction-api\2.0.1\jakarta.transaction-api-2.0.1.jar;C:\Users\Junior\.m2\repository\org\jboss\logging\jboss-logging\3.5.3.Final\jboss-logging-3.5.3.Final.jar;C:\Users\Junior\.m2\repository\org\hibernate\common\hibernate-commons-annotations\6.0.6.Final\hibernate-commons-annotations-6.0.6.Final.jar;C:\Users\Junior\.m2\repository\io\smallrye\jandex\3.1.2\jandex-3.1.2.jar;C:\Users\Junior\.m2\repository\com\fasterxml\classmate\1.6.0\classmate-1.6.0.jar;C:\Users\Junior\.m2\repository\net\bytebuddy\byte-buddy\1.14.13\byte-buddy-1.14.13.jar;C:\Users\Junior\.m2\repository\org\glassfish\jaxb\jaxb-runtime\4.0.5\jaxb-runtime-4.0.5.jar;C:\Users\Junior\.m2\repository\org\glassfish\jaxb\jaxb-core\4.0.5\jaxb-core-4.0.5.jar;C:\Users\Junior\.m2\repository\org\glassfish\jaxb\txw2\4.0.5\txw2-4.0.5.jar;C:\Users\Junior\.m2\repository\com\sun\istack\istack-commons-runtime\4.1.2\istack-commons-runtime-4.1.2.jar;C:\Users\Junior\.m2\repository\jakarta\inject\jakarta.inject-api\2.0.1\jakarta.inject-api-2.0.1.jar;C:\Users\Junior\.m2\repository\org\antlr\antlr4-runtime\4.13.0\antlr4-runtime-4.13.0.jar;C:\Users\Junior\.m2\repository\org\springframework\data\spring-data-jpa\3.2.5\spring-data-jpa-3.2.5.jar;C:\Users\Junior\.m2\repository\org\springframework\spring-orm\6.1.6\spring-orm-6.1.6.jar;C:\Users\Junior\.m2\repository\jakarta\annotation\jakarta.annotation-api\2.1.1\jakarta.annotation-api-2.1.1.jar;C:\Users\Junior\.m2\repository\org\springframework\spring-aspects\6.1.6\spring-aspects-6.1.6.jar;C:\Users\Junior\.m2\repository\org\springframework\boot\spring-boot-starter-web\3.2.5\spring-boot-starter-web-3.2.5.jar;C:\Users\Junior\.m2\repository\org\springframework\boot\spring-boot-starter\3.2.5\spring-boot-starter-3.2.5.jar;C:\Users\Junior\.m2\repository\org\springframework\boot\spring-boot\3.2.5\spring-boot-3.2.5.jar;C:\Users\Junior\.m2\repository\org\springframework\boot\spring-boot-autoconfigure\3.2.5\spring-boot-autoconfigure-3.2.5.jar;C:\Users\Junior\.m2\repository\org\springframework\boot\spring-boot-starter-logging\3.2.5\spring-boot-starter-logging-3.2.5.jar;C:\Users\Junior\.m2\repository\ch\qos\logback\logback-classic\1.4.14\logback-classic-1.4.14.jar;C:\Users\Junior\.m2\repository\ch\qos\logback\logback-core\1.4.14\logback-core-1.4.14.jar;C:\Users\Junior\.m2\repository\org\apache\logging\log4j\log4j-to-slf4j\2.21.1\log4j-to-slf4j-2.21.1.jar;C:\Users\Junior\.m2\repository\org\apache\logging\log4j\log4j-api\2.21.1\log4j-api-2.21.1.jar;C:\Users\Junior\.m2\repository\org\slf4j\jul-to-slf4j\2.0.13\jul-to-slf4j-2.0.13.jar;C:\Users\Junior\.m2\repository\org\yaml\snakeyaml\2.2\snakeyaml-2.2.jar;C:\Users\Junior\.m2\repository\org\springframework\boot\spring-boot-starter-json\3.2.5\spring-boot-starter-json-3.2.5.jar;C:\Users\Junior\.m2\repository\com\fasterxml\jackson\datatype\jackson-datatype-jdk8\2.15.4\jackson-datatype-jdk8-2.15.4.jar;C:\Users\Junior\.m2\repository\com\fasterxml\jackson\datatype\jackson-datatype-jsr310\2.15.4\jackson-datatype-jsr310-2.15.4.jar;C:\Users\Junior\.m2\repository\com\fasterxml\jackson\module\jackson-module-parameter-names\2.15.4\jackson-module-parameter-names-2.15.4.jar;C:\Users\Junior\.m2\repository\org\springframework\boot\spring-boot-starter-tomcat\3.2.5\spring-boot-starter-tomcat-3.2.5.jar;C:\Users\Junior\.m2\repository\org\apache\tomcat\embed\tomcat-embed-core\10.1.20\tomcat-embed-core-10.1.20.jar;C:\Users\Junior\.m2\repository\org\apache\tomcat\embed\tomcat-embed-el\10.1.20\tomcat-embed-el-10.1.20.jar;C:\Users\Junior\.m2\repository\org\apache\tomcat\embed\tomcat-embed-websocket\10.1.20\tomcat-embed-websocket-10.1.20.jar;C:\Users\Junior\.m2\repository\org\springframework\spring-web\6.1.6\spring-web-6.1.6.jar;C:\Users\Junior\.m2\repository\io\micrometer\micrometer-observation\1.12.5\micrometer-observation-1.12.5.jar;C:\Users\Junior\.m2\repository\io\micrometer\micrometer-commons\1.12.5\micrometer-commons-1.12.5.jar;C:\Users\Junior\.m2\repository\org\springframework\spring-webmvc\6.1.6\spring-webmvc-6.1.6.jar;C:\Users\Junior\.m2\repository\org\springframework\spring-expression\6.1.6\spring-expression-6.1.6.jar;C:\Users\Junior\.m2\repository\com\h2database\h2\2.2.224\h2-2.2.224.jar;C:\Users\Junior\.m2\repository\com\microsoft\sqlserver\mssql-jdbc\12.4.2.jre11\mssql-jdbc-12.4.2.jre11.jar;C:\Users\Junior\.m2\repository\com\mysql\mysql-connector-j\8.3.0\mysql-connector-j-8.3.0.jar;C:\Users\Junior\.m2\repository\org\springframework\boot\spring-boot-starter-test\3.2.5\spring-boot-starter-test-3.2.5.jar;C:\Users\Junior\.m2\repository\org\springframework\boot\spring-boot-test\3.2.5\spring-boot-test-3.2.5.jar;C:\Users\Junior\.m2\repository\org\springframework\boot\spring-boot-test-autoconfigure\3.2.5\spring-boot-test-autoconfigure-3.2.5.jar;C:\Users\Junior\.m2\repository\com\jayway\jsonpath\json-path\2.9.0\json-path-2.9.0.jar;C:\Users\Junior\.m2\repository\jakarta\xml\bind\jakarta.xml.bind-api\4.0.2\jakarta.xml.bind-api-4.0.2.jar;C:\Users\Junior\.m2\repository\jakarta\activation\jakarta.activation-api\2.1.3\jakarta.activation-api-2.1.3.jar;C:\Users\Junior\.m2\repository\net\minidev\json-smart\2.5.1\json-smart-2.5.1.jar;C:\Users\Junior\.m2\repository\net\minidev\accessors-smart\2.5.1\accessors-smart-2.5.1.jar;C:\Users\Junior\.m2\repository\org\ow2\asm\asm\9.6\asm-9.6.jar;C:\Users\Junior\.m2\repository\org\assertj\assertj-core\3.24.2\assertj-core-3.24.2.jar;C:\Users\Junior\.m2\repository\org\awaitility\awaitility\4.2.1\awaitility-4.2.1.jar;C:\Users\Junior\.m2\repository\org\hamcrest\hamcrest\2.2\hamcrest-2.2.jar;C:\Users\Junior\.m2\repository\org\junit\jupiter\junit-jupiter\5.10.2\junit-jupiter-5.10.2.jar;C:\Users\Junior\.m2\repository\org\junit\jupiter\junit-jupiter-api\5.10.2\junit-jupiter-api-5.10.2.jar;C:\Users\Junior\.m2\repository\org\opentest4j\opentest4j\1.3.0\opentest4j-1.3.0.jar;C:\Users\Junior\.m2\repository\org\junit\platform\junit-platform-commons\1.10.2\junit-platform-commons-1.10.2.jar;C:\Users\Junior\.m2\repository\org\apiguardian\apiguardian-api\1.1.2\apiguardian-api-1.1.2.jar;C:\Users\Junior\.m2\repository\org\junit\jupiter\junit-jupiter-params\5.10.2\junit-jupiter-params-5.10.2.jar;C:\Users\Junior\.m2\repository\org\junit\jupiter\junit-jupiter-engine\5.10.2\junit-jupiter-engine-5.10.2.jar;C:\Users\Junior\.m2\repository\org\junit\platform\junit-platform-engine\1.10.2\junit-platform-engine-1.10.2.jar;C:\Users\Junior\.m2\repository\org\mockito\mockito-core\5.7.0\mockito-core-5.7.0.jar;C:\Users\Junior\.m2\repository\net\bytebuddy\byte-buddy-agent\1.14.13\byte-buddy-agent-1.14.13.jar;C:\Users\Junior\.m2\repository\org\objenesis\objenesis\3.3\objenesis-3.3.jar;C:\Users\Junior\.m2\repository\org\mockito\mockito-junit-jupiter\5.7.0\mockito-junit-jupiter-5.7.0.jar;C:\Users\Junior\.m2\repository\org\skyscreamer\jsonassert\1.5.1\jsonassert-1.5.1.jar;C:\Users\Junior\.m2\repository\com\vaadin\external\google\android-json\0.0.20131108.vaadin1\android-json-0.0.20131108.vaadin1.jar;C:\Users\Junior\.m2\repository\org\springframework\spring-core\6.1.6\spring-core-6.1.6.jar;C:\Users\Junior\.m2\repository\org\springframework\spring-jcl\6.1.6\spring-jcl-6.1.6.jar;C:\Users\Junior\.m2\repository\org\springframework\spring-test\6.1.6\spring-test-6.1.6.jar;C:\Users\Junior\.m2\repository\org\xmlunit\xmlunit-core\2.9.1\xmlunit-core-2.9.1.jar;C:\Users\Junior\.m2\repository\org\projectlombok\lombok\1.18.32\lombok-1.18.32.jar;C:\Users\Junior\.m2\repository\org\springframework\boot\spring-boot-starter-security\3.2.5\spring-boot-starter-security-3.2.5.jar;C:\Users\Junior\.m2\repository\org\springframework\spring-aop\6.1.6\spring-aop-6.1.6.jar;C:\Users\Junior\.m2\repository\org\springframework\security\spring-security-config\6.2.4\spring-security-config-6.2.4.jar;C:\Users\Junior\.m2\repository\org\springframework\security\spring-security-core\6.2.4\spring-security-core-6.2.4.jar;C:\Users\Junior\.m2\repository\org\springframework\security\spring-security-crypto\6.2.4\spring-security-crypto-6.2.4.jar;C:\Users\Junior\.m2\repository\org\springframework\security\spring-security-web\6.2.4\spring-security-web-6.2.4.jar;C:\Users\Junior\.m2\repository\io\jsonwebtoken\jjwt\0.12.5\jjwt-0.12.5.jar;C:\Users\Junior\.m2\repository\io\jsonwebtoken\jjwt-api\0.12.5\jjwt-api-0.12.5.jar;C:\Users\Junior\.m2\repository\io\jsonwebtoken\jjwt-impl\0.12.5\jjwt-impl-0.12.5.jar;C:\Users\Junior\.m2\repository\io\jsonwebtoken\jjwt-jackson\0.12.5\jjwt-jackson-0.12.5.jar;C:\Users\Junior\.m2\repository\com\fasterxml\jackson\core\jackson-databind\2.15.4\jackson-databind-2.15.4.jar;C:\Users\Junior\.m2\repository\com\fasterxml\jackson\core\jackson-annotations\2.15.4\jackson-annotations-2.15.4.jar;C:\Users\Junior\.m2\repository\com\fasterxml\jackson\core\jackson-core\2.15.4\jackson-core-2.15.4.jar;C:\Users\Junior\.m2\repository\org\springframework\boot\spring-boot-starter-mail\3.2.5\spring-boot-starter-mail-3.2.5.jar;C:\Users\Junior\.m2\repository\org\springframework\spring-context-support\6.1.6\spring-context-support-6.1.6.jar;C:\Users\Junior\.m2\repository\org\eclipse\angus\jakarta.mail\2.0.3\jakarta.mail-2.0.3.jar;C:\Users\Junior\.m2\repository\org\eclipse\angus\angus-activation\2.0.2\angus-activation-2.0.2.jar;"/>
    <property name="java.vm.vendor" value="Eclipse Adoptium"/>
    <property name="sun.arch.data.model" value="64"/>
    <property name="user.variant" value=""/>
    <property name="java.vendor.url" value="https://adoptium.net/"/>
    <property name="user.timezone" value="America/Cuiaba"/>
    <property name="org.jboss.logging.provider" value="slf4j"/>
    <property name="os.name" value="Windows 11"/>
    <property name="java.vm.specification.version" value="17"/>
    <property name="sun.java.launcher" value="SUN_STANDARD"/>
    <property name="user.country" value="BR"/>
    <property name="sun.boot.library.path" value="C:\Users\Junior\sts-4.22.1.RELEASE\plugins\org.eclipse.justj.openjdk.hotspot.jre.full.win32.x86_64_17.0.11.v20240426-1830\jre\bin"/>
    <property name="sun.java.command" value="C:\Users\Junior\AppData\Local\Temp\surefire13305801076165052862\surefirebooter-20240905083323174_3.jar C:\Users\Junior\AppData\Local\Temp\surefire13305801076165052862 2024-09-05T08-33-23_034-jvmRun1 surefire-20240905083323174_1tmp surefire_0-20240905083323174_2tmp"/>
    <property name="jdk.debug" value="release"/>
    <property name="surefire.test.class.path" value="C:\Risco Cirurgico Back\target\test-classes;C:\Risco Cirurgico Back\target\classes;C:\Users\Junior\.m2\repository\org\springframework\boot\spring-boot-starter-data-jdbc\3.2.5\spring-boot-starter-data-jdbc-3.2.5.jar;C:\Users\Junior\.m2\repository\org\springframework\boot\spring-boot-starter-jdbc\3.2.5\spring-boot-starter-jdbc-3.2.5.jar;C:\Users\Junior\.m2\repository\com\zaxxer\HikariCP\5.0.1\HikariCP-5.0.1.jar;C:\Users\Junior\.m2\repository\org\springframework\spring-jdbc\6.1.6\spring-jdbc-6.1.6.jar;C:\Users\Junior\.m2\repository\org\springframework\data\spring-data-jdbc\3.2.5\spring-data-jdbc-3.2.5.jar;C:\Users\Junior\.m2\repository\org\springframework\data\spring-data-relational\3.2.5\spring-data-relational-3.2.5.jar;C:\Users\Junior\.m2\repository\com\github\jsqlparser\jsqlparser\4.6\jsqlparser-4.6.jar;C:\Users\Junior\.m2\repository\org\springframework\data\spring-data-commons\3.2.5\spring-data-commons-3.2.5.jar;C:\Users\Junior\.m2\repository\org\springframework\spring-tx\6.1.6\spring-tx-6.1.6.jar;C:\Users\Junior\.m2\repository\org\springframework\spring-context\6.1.6\spring-context-6.1.6.jar;C:\Users\Junior\.m2\repository\org\springframework\spring-beans\6.1.6\spring-beans-6.1.6.jar;C:\Users\Junior\.m2\repository\org\slf4j\slf4j-api\2.0.13\slf4j-api-2.0.13.jar;C:\Users\Junior\.m2\repository\org\springframework\boot\spring-boot-starter-data-jpa\3.2.5\spring-boot-starter-data-jpa-3.2.5.jar;C:\Users\Junior\.m2\repository\org\springframework\boot\spring-boot-starter-aop\3.2.5\spring-boot-starter-aop-3.2.5.jar;C:\Users\Junior\.m2\repository\org\aspectj\aspectjweaver\1.9.22\aspectjweaver-1.9.22.jar;C:\Users\Junior\.m2\repository\org\hibernate\orm\hibernate-core\6.4.4.Final\hibernate-core-6.4.4.Final.jar;C:\Users\Junior\.m2\repository\jakarta\persistence\jakarta.persistence-api\3.1.0\jakarta.persistence-api-3.1.0.jar;C:\Users\Junior\.m2\repository\jakarta\transaction\jakarta.transaction-api\2.0.1\jakarta.transaction-api-2.0.1.jar;C:\Users\Junior\.m2\repository\org\jboss\logging\jboss-logging\3.5.3.Final\jboss-logging-3.5.3.Final.jar;C:\Users\Junior\.m2\repository\org\hibernate\common\hibernate-commons-annotations\6.0.6.Final\hibernate-commons-annotations-6.0.6.Final.jar;C:\Users\Junior\.m2\repository\io\smallrye\jandex\3.1.2\jandex-3.1.2.jar;C:\Users\Junior\.m2\repository\com\fasterxml\classmate\1.6.0\classmate-1.6.0.jar;C:\Users\Junior\.m2\repository\net\bytebuddy\byte-buddy\1.14.13\byte-buddy-1.14.13.jar;C:\Users\Junior\.m2\repository\org\glassfish\jaxb\jaxb-runtime\4.0.5\jaxb-runtime-4.0.5.jar;C:\Users\Junior\.m2\repository\org\glassfish\jaxb\jaxb-core\4.0.5\jaxb-core-4.0.5.jar;C:\Users\Junior\.m2\repository\org\glassfish\jaxb\txw2\4.0.5\txw2-4.0.5.jar;C:\Users\Junior\.m2\repository\com\sun\istack\istack-commons-runtime\4.1.2\istack-commons-runtime-4.1.2.jar;C:\Users\Junior\.m2\repository\jakarta\inject\jakarta.inject-api\2.0.1\jakarta.inject-api-2.0.1.jar;C:\Users\Junior\.m2\repository\org\antlr\antlr4-runtime\4.13.0\antlr4-runtime-4.13.0.jar;C:\Users\Junior\.m2\repository\org\springframework\data\spring-data-jpa\3.2.5\spring-data-jpa-3.2.5.jar;C:\Users\Junior\.m2\repository\org\springframework\spring-orm\6.1.6\spring-orm-6.1.6.jar;C:\Users\Junior\.m2\repository\jakarta\annotation\jakarta.annotation-api\2.1.1\jakarta.annotation-api-2.1.1.jar;C:\Users\Junior\.m2\repository\org\springframework\spring-aspects\6.1.6\spring-aspects-6.1.6.jar;C:\Users\Junior\.m2\repository\org\springframework\boot\spring-boot-starter-web\3.2.5\spring-boot-starter-web-3.2.5.jar;C:\Users\Junior\.m2\repository\org\springframework\boot\spring-boot-starter\3.2.5\spring-boot-starter-3.2.5.jar;C:\Users\Junior\.m2\repository\org\springframework\boot\spring-boot\3.2.5\spring-boot-3.2.5.jar;C:\Users\Junior\.m2\repository\org\springframework\boot\spring-boot-autoconfigure\3.2.5\spring-boot-autoconfigure-3.2.5.jar;C:\Users\Junior\.m2\repository\org\springframework\boot\spring-boot-starter-logging\3.2.5\spring-boot-starter-logging-3.2.5.jar;C:\Users\Junior\.m2\repository\ch\qos\logback\logback-classic\1.4.14\logback-classic-1.4.14.jar;C:\Users\Junior\.m2\repository\ch\qos\logback\logback-core\1.4.14\logback-core-1.4.14.jar;C:\Users\Junior\.m2\repository\org\apache\logging\log4j\log4j-to-slf4j\2.21.1\log4j-to-slf4j-2.21.1.jar;C:\Users\Junior\.m2\repository\org\apache\logging\log4j\log4j-api\2.21.1\log4j-api-2.21.1.jar;C:\Users\Junior\.m2\repository\org\slf4j\jul-to-slf4j\2.0.13\jul-to-slf4j-2.0.13.jar;C:\Users\Junior\.m2\repository\org\yaml\snakeyaml\2.2\snakeyaml-2.2.jar;C:\Users\Junior\.m2\repository\org\springframework\boot\spring-boot-starter-json\3.2.5\spring-boot-starter-json-3.2.5.jar;C:\Users\Junior\.m2\repository\com\fasterxml\jackson\datatype\jackson-datatype-jdk8\2.15.4\jackson-datatype-jdk8-2.15.4.jar;C:\Users\Junior\.m2\repository\com\fasterxml\jackson\datatype\jackson-datatype-jsr310\2.15.4\jackson-datatype-jsr310-2.15.4.jar;C:\Users\Junior\.m2\repository\com\fasterxml\jackson\module\jackson-module-parameter-names\2.15.4\jackson-module-parameter-names-2.15.4.jar;C:\Users\Junior\.m2\repository\org\springframework\boot\spring-boot-starter-tomcat\3.2.5\spring-boot-starter-tomcat-3.2.5.jar;C:\Users\Junior\.m2\repository\org\apache\tomcat\embed\tomcat-embed-core\10.1.20\tomcat-embed-core-10.1.20.jar;C:\Users\Junior\.m2\repository\org\apache\tomcat\embed\tomcat-embed-el\10.1.20\tomcat-embed-el-10.1.20.jar;C:\Users\Junior\.m2\repository\org\apache\tomcat\embed\tomcat-embed-websocket\10.1.20\tomcat-embed-websocket-10.1.20.jar;C:\Users\Junior\.m2\repository\org\springframework\spring-web\6.1.6\spring-web-6.1.6.jar;C:\Users\Junior\.m2\repository\io\micrometer\micrometer-observation\1.12.5\micrometer-observation-1.12.5.jar;C:\Users\Junior\.m2\repository\io\micrometer\micrometer-commons\1.12.5\micrometer-commons-1.12.5.jar;C:\Users\Junior\.m2\repository\org\springframework\spring-webmvc\6.1.6\spring-webmvc-6.1.6.jar;C:\Users\Junior\.m2\repository\org\springframework\spring-expression\6.1.6\spring-expression-6.1.6.jar;C:\Users\Junior\.m2\repository\com\h2database\h2\2.2.224\h2-2.2.224.jar;C:\Users\Junior\.m2\repository\com\microsoft\sqlserver\mssql-jdbc\12.4.2.jre11\mssql-jdbc-12.4.2.jre11.jar;C:\Users\Junior\.m2\repository\com\mysql\mysql-connector-j\8.3.0\mysql-connector-j-8.3.0.jar;C:\Users\Junior\.m2\repository\org\springframework\boot\spring-boot-starter-test\3.2.5\spring-boot-starter-test-3.2.5.jar;C:\Users\Junior\.m2\repository\org\springframework\boot\spring-boot-test\3.2.5\spring-boot-test-3.2.5.jar;C:\Users\Junior\.m2\repository\org\springframework\boot\spring-boot-test-autoconfigure\3.2.5\spring-boot-test-autoconfigure-3.2.5.jar;C:\Users\Junior\.m2\repository\com\jayway\jsonpath\json-path\2.9.0\json-path-2.9.0.jar;C:\Users\Junior\.m2\repository\jakarta\xml\bind\jakarta.xml.bind-api\4.0.2\jakarta.xml.bind-api-4.0.2.jar;C:\Users\Junior\.m2\repository\jakarta\activation\jakarta.activation-api\2.1.3\jakarta.activation-api-2.1.3.jar;C:\Users\Junior\.m2\repository\net\minidev\json-smart\2.5.1\json-smart-2.5.1.jar;C:\Users\Junior\.m2\repository\net\minidev\accessors-smart\2.5.1\accessors-smart-2.5.1.jar;C:\Users\Junior\.m2\repository\org\ow2\asm\asm\9.6\asm-9.6.jar;C:\Users\Junior\.m2\repository\org\assertj\assertj-core\3.24.2\assertj-core-3.24.2.jar;C:\Users\Junior\.m2\repository\org\awaitility\awaitility\4.2.1\awaitility-4.2.1.jar;C:\Users\Junior\.m2\repository\org\hamcrest\hamcrest\2.2\hamcrest-2.2.jar;C:\Users\Junior\.m2\repository\org\junit\jupiter\junit-jupiter\5.10.2\junit-jupiter-5.10.2.jar;C:\Users\Junior\.m2\repository\org\junit\jupiter\junit-jupiter-api\5.10.2\junit-jupiter-api-5.10.2.jar;C:\Users\Junior\.m2\repository\org\opentest4j\opentest4j\1.3.0\opentest4j-1.3.0.jar;C:\Users\Junior\.m2\repository\org\junit\platform\junit-platform-commons\1.10.2\junit-platform-commons-1.10.2.jar;C:\Users\Junior\.m2\repository\org\apiguardian\apiguardian-api\1.1.2\apiguardian-api-1.1.2.jar;C:\Users\Junior\.m2\repository\org\junit\jupiter\junit-jupiter-params\5.10.2\junit-jupiter-params-5.10.2.jar;C:\Users\Junior\.m2\repository\org\junit\jupiter\junit-jupiter-engine\5.10.2\junit-jupiter-engine-5.10.2.jar;C:\Users\Junior\.m2\repository\org\junit\platform\junit-platform-engine\1.10.2\junit-platform-engine-1.10.2.jar;C:\Users\Junior\.m2\repository\org\mockito\mockito-core\5.7.0\mockito-core-5.7.0.jar;C:\Users\Junior\.m2\repository\net\bytebuddy\byte-buddy-agent\1.14.13\byte-buddy-agent-1.14.13.jar;C:\Users\Junior\.m2\repository\org\objenesis\objenesis\3.3\objenesis-3.3.jar;C:\Users\Junior\.m2\repository\org\mockito\mockito-junit-jupiter\5.7.0\mockito-junit-jupiter-5.7.0.jar;C:\Users\Junior\.m2\repository\org\skyscreamer\jsonassert\1.5.1\jsonassert-1.5.1.jar;C:\Users\Junior\.m2\repository\com\vaadin\external\google\android-json\0.0.20131108.vaadin1\android-json-0.0.20131108.vaadin1.jar;C:\Users\Junior\.m2\repository\org\springframework\spring-core\6.1.6\spring-core-6.1.6.jar;C:\Users\Junior\.m2\repository\org\springframework\spring-jcl\6.1.6\spring-jcl-6.1.6.jar;C:\Users\Junior\.m2\repository\org\springframework\spring-test\6.1.6\spring-test-6.1.6.jar;C:\Users\Junior\.m2\repository\org\xmlunit\xmlunit-core\2.9.1\xmlunit-core-2.9.1.jar;C:\Users\Junior\.m2\repository\org\projectlombok\lombok\1.18.32\lombok-1.18.32.jar;C:\Users\Junior\.m2\repository\org\springframework\boot\spring-boot-starter-security\3.2.5\spring-boot-starter-security-3.2.5.jar;C:\Users\Junior\.m2\repository\org\springframework\spring-aop\6.1.6\spring-aop-6.1.6.jar;C:\Users\Junior\.m2\repository\org\springframework\security\spring-security-config\6.2.4\spring-security-config-6.2.4.jar;C:\Users\Junior\.m2\repository\org\springframework\security\spring-security-core\6.2.4\spring-security-core-6.2.4.jar;C:\Users\Junior\.m2\repository\org\springframework\security\spring-security-crypto\6.2.4\spring-security-crypto-6.2.4.jar;C:\Users\Junior\.m2\repository\org\springframework\security\spring-security-web\6.2.4\spring-security-web-6.2.4.jar;C:\Users\Junior\.m2\repository\io\jsonwebtoken\jjwt\0.12.5\jjwt-0.12.5.jar;C:\Users\Junior\.m2\repository\io\jsonwebtoken\jjwt-api\0.12.5\jjwt-api-0.12.5.jar;C:\Users\Junior\.m2\repository\io\jsonwebtoken\jjwt-impl\0.12.5\jjwt-impl-0.12.5.jar;C:\Users\Junior\.m2\repository\io\jsonwebtoken\jjwt-jackson\0.12.5\jjwt-jackson-0.12.5.jar;C:\Users\Junior\.m2\repository\com\fasterxml\jackson\core\jackson-databind\2.15.4\jackson-databind-2.15.4.jar;C:\Users\Junior\.m2\repository\com\fasterxml\jackson\core\jackson-annotations\2.15.4\jackson-annotations-2.15.4.jar;C:\Users\Junior\.m2\repository\com\fasterxml\jackson\core\jackson-core\2.15.4\jackson-core-2.15.4.jar;C:\Users\Junior\.m2\repository\org\springframework\boot\spring-boot-starter-mail\3.2.5\spring-boot-starter-mail-3.2.5.jar;C:\Users\Junior\.m2\repository\org\springframework\spring-context-support\6.1.6\spring-context-support-6.1.6.jar;C:\Users\Junior\.m2\repository\org\eclipse\angus\jakarta.mail\2.0.3\jakarta.mail-2.0.3.jar;C:\Users\Junior\.m2\repository\org\eclipse\angus\angus-activation\2.0.2\angus-activation-2.0.2.jar;"/>
    <property name="sun.cpu.endian" value="little"/>
    <property name="user.home" value="C:\Users\Junior"/>
    <property name="user.language" value="pt"/>
    <property name="java.specification.vendor" value="Oracle Corporation"/>
    <property name="java.version.date" value="2024-04-16"/>
    <property name="java.home" value="C:\Users\Junior\sts-4.22.1.RELEASE\plugins\org.eclipse.justj.openjdk.hotspot.jre.full.win32.x86_64_17.0.11.v20240426-1830\jre"/>
    <property name="file.separator" value="\"/>
    <property name="style.color" value="always"/>
    <property name="basedir" value="C:\Risco Cirurgico Back"/>
    <property name="java.vm.compressedOopsMode" value="Zero based"/>
    <property name="line.separator" value="&#10;"/>
    <property name="java.vm.specification.vendor" value="Oracle Corporation"/>
    <property name="java.specification.name" value="Java Platform API Specification"/>
    <property name="FILE_LOG_CHARSET" value="windows-1252"/>
    <property name="java.awt.headless" value="true"/>
    <property name="surefire.real.class.path" value="C:\Users\Junior\AppData\Local\Temp\surefire13305801076165052862\surefirebooter-20240905083323174_3.jar"/>
    <property name="user.script" value=""/>
    <property name="sun.management.compiler" value="HotSpot 64-Bit Tiered Compilers"/>
    <property name="java.runtime.version" value="17.0.11+9"/>
    <property name="user.name" value="Junior"/>
    <property name="path.separator" value=";"/>
    <property name="os.version" value="10.0"/>
    <property name="java.runtime.name" value="OpenJDK Runtime Environment"/>
    <property name="file.encoding" value="Cp1252"/>
    <property name="java.vm.name" value="OpenJDK 64-Bit Server VM"/>
    <property name="java.vendor.version" value="Temurin-17.0.11+9"/>
    <property name="localRepository" value="C:\Users\Junior\.m2\repository"/>
    <property name="java.vendor.url.bug" value="https://github.com/adoptium/adoptium-support/issues"/>
    <property name="java.io.tmpdir" value="C:\Users\Junior\AppData\Local\Temp\"/>
    <property name="com.zaxxer.hikari.pool_number" value="1"/>
    <property name="java.version" value="17.0.11"/>
    <property name="user.dir" value="C:\Risco Cirurgico Back"/>
    <property name="os.arch" value="amd64"/>
    <property name="java.vm.specification.name" value="Java Virtual Machine Specification"/>
    <property name="PID" value="20984"/>
    <property name="sun.os.patch.level" value=""/>
    <property name="CONSOLE_LOG_CHARSET" value="windows-1252"/>
    <property name="native.encoding" value="Cp1252"/>
    <property name="java.library.path" value="C:\Users\Junior\sts-4.22.1.RELEASE\plugins\org.eclipse.justj.openjdk.hotspot.jre.full.win32.x86_64_17.0.11.v20240426-1830\jre\bin;C:\WINDOWS\Sun\Java\bin;C:\WINDOWS\system32;C:\WINDOWS;C:/Users/Junior/sts-4.22.1.RELEASE//plugins/org.eclipse.justj.openjdk.hotspot.jre.full.win32.x86_64_17.0.11.v20240426-1830/jre/bin/server;C:/Users/Junior/sts-4.22.1.RELEASE//plugins/org.eclipse.justj.openjdk.hotspot.jre.full.win32.x86_64_17.0.11.v20240426-1830/jre/bin;C:\app\Junior\product\11.1.0\client_2\bin;C:\Python312\Scripts\;C:\Python312\;C:\Program Files\Common Files\Oracle\Java\javapath;C:\Program Files (x86)\Common Files\Oracle\Java\javapath;C:\app\alex\product\11.1.0\client_1\bin;C:\Windows\System32;C:\Windows;C:\Windows\System32\Wbem;C:\Windows\System32\WindowsPowerShell\v1.0\;C:\Windows\System32\OpenSSH\;C:\Program Files\dotnet\;C:\Salux\System32;C:\Salux\System;C:\WINDOWS\system32;C:\WINDOWS;C:\WINDOWS\System32\Wbem;C:\WINDOWS\System32\WindowsPowerShell\v1.0\;C:\WINDOWS\System32\OpenSSH\;C:\Program Files (x86)\Sybase\Shared\PowerBuilder\;C:\Program Files (x86)\NVIDIA Corporation\PhysX\Common;C:\ProgramData\MySQL;C:\Program Files\MySQL;C:\Program Files\Git\cmd;C:\Program Files\nodejs\;C:\ProgramData\chocolatey\bin;C:\Program Files (x86)\Sybase\Shared\PowerBuilder;C:\Program Files\OpenSSL-Win64\bin;C:\Users\Junior\.console-ninja\.bin;C:\Ruby27-x64\bin;C:\Users\Junior\AppData\Local\Microsoft\WindowsApps;C:\Users\Junior\AppData\Roaming\npm;C:\Users\Junior\AppData\Local\Programs\Microsoft VS Code\bin;C:\Users\Junior\AppData\Local\GitHubDesktop\bin;C:\Users\Junior\sts-4.22.1.RELEASE;;."/>
    <property name="java.vm.info" value="mixed mode"/>
    <property name="java.vendor" value="Eclipse Adoptium"/>
    <property name="java.vm.version" value="17.0.11+9"/>
    <property name="sun.io.unicode.encoding" value="UnicodeLittle"/>
    <property name="java.class.version" value="61.0"/>
    <property name="LOGGED_APPLICATION_NAME" value="[RiscoCirurgico] "/>
  </properties>
  <testcase name="contextLoads" classname="com.unirio.Meu.Projeto.MeuProjetoApplicationTests" time="0.727">
    <system-out><![CDATA[08:33:24.169 [main] INFO org.springframework.test.context.support.AnnotationConfigContextLoaderUtils -- Could not detect default configuration classes for test class [com.unirio.Meu.Projeto.MeuProjetoApplicationTests]: MeuProjetoApplicationTests does not declare any static, non-private, non-final, nested classes annotated with @Configuration.
08:33:24.259 [main] INFO org.springframework.boot.test.context.SpringBootTestContextBootstrapper -- Found @SpringBootConfiguration com.unirio.Meu.Projeto.MeuProjetoApplication for test class com.unirio.Meu.Projeto.MeuProjetoApplicationTests

  .   ____          _            __ _ _
 /\\ / ___'_ __ _ _(_)_ __  __ _ \ \ \ \
( ( )\___ | '_ | '_| | '_ \/ _` | \ \ \ \
 \\/  ___)| |_)| | | | | || (_| |  ) ) ) )
  '  |____| .__|_| |_|_| |_\__, | / / / /
 =========|_|==============|___/=/_/_/_/
 :: Spring Boot ::                (v3.2.5)

2024-09-05T08:33:24.636-04:00  INFO 20984 --- [RiscoCirurgico] [           main] c.u.M.P.MeuProjetoApplicationTests       : Starting MeuProjetoApplicationTests using Java 17.0.11 with PID 20984 (started by Junior in C:\Risco Cirurgico Back)
2024-09-05T08:33:24.638-04:00  INFO 20984 --- [RiscoCirurgico] [           main] c.u.M.P.MeuProjetoApplicationTests       : No active profile set, falling back to 1 default profile: "default"
2024-09-05T08:33:25.369-04:00  INFO 20984 --- [RiscoCirurgico] [           main] .s.d.r.c.RepositoryConfigurationDelegate : Multiple Spring Data modules found, entering strict repository configuration mode
2024-09-05T08:33:25.369-04:00  INFO 20984 --- [RiscoCirurgico] [           main] .s.d.r.c.RepositoryConfigurationDelegate : Bootstrapping Spring Data JPA repositories in DEFAULT mode.
2024-09-05T08:33:25.444-04:00  INFO 20984 --- [RiscoCirurgico] [           main] .s.d.r.c.RepositoryConfigurationDelegate : Finished Spring Data repository scanning in 68 ms. Found 20 JPA repository interfaces.
2024-09-05T08:33:25.675-04:00  INFO 20984 --- [RiscoCirurgico] [           main] .s.d.r.c.RepositoryConfigurationDelegate : Multiple Spring Data modules found, entering strict repository configuration mode
2024-09-05T08:33:25.675-04:00  INFO 20984 --- [RiscoCirurgico] [           main] .s.d.r.c.RepositoryConfigurationDelegate : Bootstrapping Spring Data JDBC repositories in DEFAULT mode.
2024-09-05T08:33:25.696-04:00  INFO 20984 --- [RiscoCirurgico] [           main] .RepositoryConfigurationExtensionSupport : Spring Data JDBC - Could not safely identify store assignment for repository candidate interface com.unirio.Meu.Projeto.Repositories.ClassificacaoRiscoRepositories; If you want this repository to be a JDBC repository, consider annotating your entities with one of these annotations: org.springframework.data.relational.core.mapping.Table.
2024-09-05T08:33:25.697-04:00  INFO 20984 --- [RiscoCirurgico] [           main] .RepositoryConfigurationExtensionSupport : Spring Data JDBC - Could not safely identify store assignment for repository candidate interface com.unirio.Meu.Projeto.Repositories.DepartmentsRepository; If you want this repository to be a JDBC repository, consider annotating your entities with one of these annotations: org.springframework.data.relational.core.mapping.Table.
2024-09-05T08:33:25.697-04:00  INFO 20984 --- [RiscoCirurgico] [           main] .RepositoryConfigurationExtensionSupport : Spring Data JDBC - Could not safely identify store assignment for repository candidate interface com.unirio.Meu.Projeto.Repositories.ExamesLaboratoriaisRepositories; If you want this repository to be a JDBC repository, consider annotating your entities with one of these annotations: org.springframework.data.relational.core.mapping.Table.
2024-09-05T08:33:25.697-04:00  INFO 20984 --- [RiscoCirurgico] [           main] .RepositoryConfigurationExtensionSupport : Spring Data JDBC - Could not safely identify store assignment for repository candidate interface com.unirio.Meu.Projeto.Repositories.FormClassificacaoRiscoRepositorie; If you want this repository to be a JDBC repository, consider annotating your entities with one of these annotations: org.springframework.data.relational.core.mapping.Table.
2024-09-05T08:33:25.698-04:00  INFO 20984 --- [RiscoCirurgico] [           main] .RepositoryConfigurationExtensionSupport : Spring Data JDBC - Could not safely identify store assignment for repository candidate interface com.unirio.Meu.Projeto.Repositories.FormExamesLaboratoriaisRepositories; If you want this repository to be a JDBC repository, consider annotating your entities with one of these annotations: org.springframework.data.relational.core.mapping.Table.
2024-09-05T08:33:25.698-04:00  INFO 20984 --- [RiscoCirurgico] [           main] .RepositoryConfigurationExtensionSupport : Spring Data JDBC - Could not safely identify store assignment for repository candidate interface com.unirio.Meu.Projeto.Repositories.FormPreditorRiscoRepositorie; If you want this repository to be a JDBC repository, consider annotating your entities with one of these annotations: org.springframework.data.relational.core.mapping.Table.
2024-09-05T08:33:25.698-04:00  INFO 20984 --- [RiscoCirurgico] [           main] .RepositoryConfigurationExtensionSupport : Spring Data JDBC - Could not safely identify store assignment for repository candidate interface com.unirio.Meu.Projeto.Repositories.FormRiscoCirurgicoRepositories; If you want this repository to be a JDBC repository, consider annotating your entities with one of these annotations: org.springframework.data.relational.core.mapping.Table.
2024-09-05T08:33:25.699-04:00  INFO 20984 --- [RiscoCirurgico] [           main] .RepositoryConfigurationExtensionSupport : Spring Data JDBC - Could not safely identify store assignment for repository candidate interface com.unirio.Meu.Projeto.Repositories.LicencaRepositories; If you want this repository to be a JDBC repository, consider annotating your entities with one of these annotations: org.springframework.data.relational.core.mapping.Table.
2024-09-05T08:33:25.699-04:00  INFO 20984 --- [RiscoCirurgico] [           main] .RepositoryConfigurationExtensionSupport : Spring Data JDBC - Could not safely identify store assignment for repository candidate interface com.unirio.Meu.Projeto.Repositories.ModeloRepositories; If you want this repository to be a JDBC repository, consider annotating your entities with one of these annotations: org.springframework.data.relational.core.mapping.Table.
2024-09-05T08:33:25.699-04:00  INFO 20984 --- [RiscoCirurgico] [           main] .RepositoryConfigurationExtensionSupport : Spring Data JDBC - Could not safely identify store assignment for repository candidate interface com.unirio.Meu.Projeto.Repositories.PacienteRepositories; If you want this repository to be a JDBC repository, consider annotating your entities with one of these annotations: org.springframework.data.relational.core.mapping.Table.
2024-09-05T08:33:25.700-04:00  INFO 20984 --- [RiscoCirurgico] [           main] .RepositoryConfigurationExtensionSupport : Spring Data JDBC - Could not safely identify store assignment for repository candidate interface com.unirio.Meu.Projeto.Repositories.PerfilRepositories; If you want this repository to be a JDBC repository, consider annotating your entities with one of these annotations: org.springframework.data.relational.core.mapping.Table.
2024-09-05T08:33:25.700-04:00  INFO 20984 --- [RiscoCirurgico] [           main] .RepositoryConfigurationExtensionSupport : Spring Data JDBC - Could not safely identify store assignment for repository candidate interface com.unirio.Meu.Projeto.Repositories.PerfilUsuarioRepositories; If you want this repository to be a JDBC repository, consider annotating your entities with one of these annotations: org.springframework.data.relational.core.mapping.Table.
2024-09-05T08:33:25.700-04:00  INFO 20984 --- [RiscoCirurgico] [           main] .RepositoryConfigurationExtensionSupport : Spring Data JDBC - Could not safely identify store assignment for repository candidate interface com.unirio.Meu.Projeto.Repositories.PermissaoPerfilRecursoRepositories; If you want this repository to be a JDBC repository, consider annotating your entities with one of these annotations: org.springframework.data.relational.core.mapping.Table.
2024-09-05T08:33:25.701-04:00  INFO 20984 --- [RiscoCirurgico] [           main] .RepositoryConfigurationExtensionSupport : Spring Data JDBC - Could not safely identify store assignment for repository candidate interface com.unirio.Meu.Projeto.Repositories.PreditorItemRepositories; If you want this repository to be a JDBC repository, consider annotating your entities with one of these annotations: org.springframework.data.relational.core.mapping.Table.
2024-09-05T08:33:25.701-04:00  INFO 20984 --- [RiscoCirurgico] [           main] .RepositoryConfigurationExtensionSupport : Spring Data JDBC - Could not safely identify store assignment for repository candidate interface com.unirio.Meu.Projeto.Repositories.PreditorRiscoRepositories; If you want this repository to be a JDBC repository, consider annotating your entities with one of these annotations: org.springframework.data.relational.core.mapping.Table.
2024-09-05T08:33:25.703-04:00  INFO 20984 --- [RiscoCirurgico] [           main] .RepositoryConfigurationExtensionSupport : Spring Data JDBC - Could not safely identify store assignment for repository candidate interface com.unirio.Meu.Projeto.Repositories.ProcedimentoRepositories; If you want this repository to be a JDBC repository, consider annotating your entities with one of these annotations: org.springframework.data.relational.core.mapping.Table.
2024-09-05T08:33:25.705-04:00  INFO 20984 --- [RiscoCirurgico] [           main] .RepositoryConfigurationExtensionSupport : Spring Data JDBC - Could not safely identify store assignment for repository candidate interface com.unirio.Meu.Projeto.Repositories.ProcedimentoRiscoRepositories; If you want this repository to be a JDBC repository, consider annotating your entities with one of these annotations: org.springframework.data.relational.core.mapping.Table.
2024-09-05T08:33:25.706-04:00  INFO 20984 --- [RiscoCirurgico] [           main] .RepositoryConfigurationExtensionSupport : Spring Data JDBC - Could not safely identify store assignment for repository candidate interface com.unirio.Meu.Projeto.Repositories.RecursoRepositories; If you want this repository to be a JDBC repository, consider annotating your entities with one of these annotations: org.springframework.data.relational.core.mapping.Table.
2024-09-05T08:33:25.707-04:00  INFO 20984 --- [RiscoCirurgico] [           main] .RepositoryConfigurationExtensionSupport : Spring Data JDBC - Could not safely identify store assignment for repository candidate interface com.unirio.Meu.Projeto.Repositories.UserRepository; If you want this repository to be a JDBC repository, consider annotating your entities with one of these annotations: org.springframework.data.relational.core.mapping.Table.
2024-09-05T08:33:25.707-04:00  INFO 20984 --- [RiscoCirurgico] [           main] .RepositoryConfigurationExtensionSupport : Spring Data JDBC - Could not safely identify store assignment for repository candidate interface com.unirio.Meu.Projeto.Repositories.UsuarioVerificadorRepository; If you want this repository to be a JDBC repository, consider annotating your entities with one of these annotations: org.springframework.data.relational.core.mapping.Table.
2024-09-05T08:33:25.708-04:00  INFO 20984 --- [RiscoCirurgico] [           main] .s.d.r.c.RepositoryConfigurationDelegate : Finished Spring Data repository scanning in 31 ms. Found 0 JDBC repository interfaces.
2024-09-05T08:33:26.442-04:00  INFO 20984 --- [RiscoCirurgico] [           main] o.hibernate.jpa.internal.util.LogHelper  : HHH000204: Processing PersistenceUnitInfo [name: default]
2024-09-05T08:33:26.527-04:00  INFO 20984 --- [RiscoCirurgico] [           main] org.hibernate.Version                    : HHH000412: Hibernate ORM core version 6.4.4.Final
2024-09-05T08:33:26.583-04:00  INFO 20984 --- [RiscoCirurgico] [           main] o.h.c.internal.RegionFactoryInitiator    : HHH000026: Second-level cache disabled
2024-09-05T08:33:27.029-04:00  INFO 20984 --- [RiscoCirurgico] [           main] o.s.o.j.p.SpringPersistenceUnitInfo      : No LoadTimeWeaver setup: ignoring JPA class transformer
2024-09-05T08:33:27.070-04:00  INFO 20984 --- [RiscoCirurgico] [           main] com.zaxxer.hikari.HikariDataSource       : HikariPool-1 - Starting...
2024-09-05T08:33:27.462-04:00  INFO 20984 --- [RiscoCirurgico] [           main] com.zaxxer.hikari.pool.HikariPool        : HikariPool-1 - Added connection com.mysql.cj.jdbc.ConnectionImpl@1530d0f2
2024-09-05T08:33:27.464-04:00  INFO 20984 --- [RiscoCirurgico] [           main] com.zaxxer.hikari.HikariDataSource       : HikariPool-1 - Start completed.
2024-09-05T08:33:27.533-04:00  WARN 20984 --- [RiscoCirurgico] [           main] org.hibernate.dialect.Dialect            : HHH000511: The 5.7.0 version for [org.hibernate.dialect.MySQLDialect] is no longer supported, hence certain features may not work properly. The minimum supported version is 8.0.0. Check the community dialects project for available legacy versions.
2024-09-05T08:33:27.539-04:00  WARN 20984 --- [RiscoCirurgico] [           main] org.hibernate.orm.deprecation            : HHH90000025: MySQLDialect does not need to be specified explicitly using 'hibernate.dialect' (remove the property setting and it will be selected by default)
2024-09-05T08:33:28.598-04:00  INFO 20984 --- [RiscoCirurgico] [           main] o.h.m.i.EntityInstantiatorPojoStandard   : HHH000182: No default (no-argument) constructor for class: com.unirio.Meu.Projeto.Entities.PermissaoPerfilRecursoEntities (class must be instantiated by Interceptor)
2024-09-05T08:33:28.638-04:00  INFO 20984 --- [RiscoCirurgico] [           main] o.h.m.i.EntityInstantiatorPojoStandard   : HHH000182: No default (no-argument) constructor for class: com.unirio.Meu.Projeto.Entities.PerfilEntities (class must be instantiated by Interceptor)
2024-09-05T08:33:28.663-04:00  INFO 20984 --- [RiscoCirurgico] [           main] o.h.m.i.EntityInstantiatorPojoStandard   : HHH000182: No default (no-argument) constructor for class: com.unirio.Meu.Projeto.Entities.PerfilUsuarioEntities (class must be instantiated by Interceptor)
2024-09-05T08:33:28.876-04:00  INFO 20984 --- [RiscoCirurgico] [           main] o.h.e.t.j.p.i.JtaPlatformInitiator       : HHH000489: No JTA platform available (set 'hibernate.transaction.jta.platform' to enable JTA platform integration)
Hibernate: 
    alter table form_risco_cirurgico 
       drop 
       foreign key FK4eu0wi35vamovjl7hnagvf89x
Hibernate: 
    alter table form_risco_cirurgico 
       drop 
       foreign key FKi85gq9x0x56ojy0gw1lng4qxc
Hibernate: 
    alter table form_risco_cirurgico 
       drop 
       foreign key FKkrh2whl0l876x1y4870io31ix
Hibernate: 
    alter table form_risco_cirurgico 
       drop 
       foreign key FKlf3ljom8ak6jbobkvutk0kdmk
Hibernate: 
    alter table form_risco_cirurgico 
       drop 
       foreign key FKh42u145l1dk7thp5s66dpdilw
Hibernate: 
    alter table form_risco_cirurgico_classificacao 
       drop 
       foreign key FKl9wbokp8dhmuyvu9v8ydylbia
Hibernate: 
    alter table form_risco_cirurgico_exames_laboratoriais 
       drop 
       foreign key FKcegqlch9m2jy2uxkdiqbsp0hr
Hibernate: 
    alter table form_risco_cirurgico_exames_laboratoriais 
       drop 
       foreign key FKges5yrgnym7oqbw0lceybdokr
Hibernate: 
    alter table form_risco_cirurgico_preditores 
       drop 
       foreign key FKgj4ok8xu0xn4yptc5j815xhvw
Hibernate: 
    alter table form_risco_cirurgico_preditores 
       drop 
       foreign key FKp5tte7biwy0qwyy12cu7xutqk
Hibernate: 
    alter table modelo 
       drop 
       foreign key FKoqc7gy3kkngvbcrbm8t6529fp
Hibernate: 
    alter table paciente 
       drop 
       foreign key FK5jbxqarydp0s52rnrq9p12t0v
Hibernate: 
    alter table perfil_usuario 
       drop 
       foreign key FKehpyjfa7ypmqsalbhmba2hdg1
Hibernate: 
    alter table perfil_usuario 
       drop 
       foreign key FKp00rgyejcbm4s19gwux7uymem
Hibernate: 
    alter table permissao_perfil_recurso 
       drop 
       foreign key FK8bvs6f6jehlmvsx96a6dssf5m
Hibernate: 
    alter table permissao_perfil_recurso 
       drop 
       foreign key FKkfm0k3rpevn99otsh8y6aq0dj
Hibernate: 
    alter table preditores_item 
       drop 
       foreign key FKcefbeevxiqo4nqbdwko6ku0bo
Hibernate: 
    alter table usuario 
       drop 
       foreign key FKcsa6lcun27lge2fw9gt1mmxus
Hibernate: 
    alter table usuario 
       drop 
       foreign key FK1qdjtw6eaen6f6erc1gm0grat
Hibernate: 
    alter table usuario_verificador 
       drop 
       foreign key FK28vf2lusb01547pd4thh5rell
Hibernate: 
    drop table if exists classificacao
Hibernate: 
    drop table if exists department
Hibernate: 
    drop table if exists exames_laboratoriais_entities
Hibernate: 
    drop table if exists form_risco_cirurgico
Hibernate: 
    drop table if exists form_risco_cirurgico_classificacao
Hibernate: 
    drop table if exists form_risco_cirurgico_exames_laboratoriais
Hibernate: 
    drop table if exists form_risco_cirurgico_preditores
Hibernate: 
    drop table if exists licenca
Hibernate: 
    drop table if exists modelo
Hibernate: 
    drop table if exists paciente
Hibernate: 
    drop table if exists perfil
Hibernate: 
    drop table if exists perfil_usuario
Hibernate: 
    drop table if exists permissao_perfil_recurso
Hibernate: 
    drop table if exists preditores
Hibernate: 
    drop table if exists preditores_item
Hibernate: 
    drop table if exists procedimento
Hibernate: 
    drop table if exists recurso
Hibernate: 
    drop table if exists risco
Hibernate: 
    drop table if exists usuario
Hibernate: 
    drop table if exists usuario_verificador
Hibernate: 
    create table classificacao (
        ponto integer,
        id bigint not null auto_increment,
        descricao varchar(255),
        primary key (id)
    ) engine=InnoDB
Hibernate: 
    create table department (
        id bigint not null auto_increment,
        department_name varchar(255) not null,
        primary key (id)
    ) engine=InnoDB
Hibernate: 
    create table exames_laboratoriais_entities (
        id bigint not null auto_increment,
        ca varchar(255),
        cr varchar(255),
        gj varchar(255),
        h2 varchar(255),
        k varchar(255),
        leuc varchar(255),
        na varchar(255),
        plaquetas varchar(255),
        rni varchar(255),
        tap varchar(255),
        tgo varchar(255),
        tgp varchar(255),
        ttpa varchar(255),
        ur varchar(255),
        primary key (id)
    ) engine=InnoDB
Hibernate: 
    create table form_risco_cirurgico (
        id bigint not null auto_increment,
        id_licenca bigint not null,
        id_paciente bigint,
        id_procedimento bigint,
        id_risco bigint,
        id_usuario bigint,
        annamnese text,
        cirurgia_data varchar(255),
        exame_fisico text not null,
        exame_raiox text not null,
        exameecg text not null,
        outros_exames text,
        parecer text,
        primary key (id)
    ) engine=InnoDB
Hibernate: 
    create table form_risco_cirurgico_classificacao (
        ponto integer not null,
        id bigint not null auto_increment,
        id_form bigint not null,
        descricao varchar(255) not null,
        primary key (id)
    ) engine=InnoDB
Hibernate: 
    create table form_risco_cirurgico_exames_laboratoriais (
        id bigint not null auto_increment,
        id_exames bigint,
        id_form bigint not null,
        primary key (id)
    ) engine=InnoDB
Hibernate: 
    create table form_risco_cirurgico_preditores (
        id bigint not null auto_increment,
        id_form bigint not null,
        id_preditores bigint not null,
        primary key (id)
    ) engine=InnoDB
Hibernate: 
    create table licenca (
        ativo TINYINT(4),
        cep varchar(8),
        id bigint not null auto_increment,
        cnpj varchar(14),
        cidade varchar(45),
        uf varchar(45),
        observacao varchar(600),
        bairro varchar(255),
        data_ativacao varchar(255),
        data_inativa varchar(255),
        endereco varchar(255),
        nome varchar(255),
        primary key (id)
    ) engine=InnoDB
Hibernate: 
    create table modelo (
        id bigint not null auto_increment,
        id_licenca bigint not null,
        descricao text not null,
        nome varchar(255) not null,
        primary key (id)
    ) engine=InnoDB
Hibernate: 
    create table paciente (
        id bigint not null auto_increment,
        id_licenca bigint,
        cpf varchar(14) not null,
        altura varchar(45),
        peso varchar(45),
        sexo varchar(45),
        telefone varchar(45),
        nome varchar(70) not null,
        data_nascimento varchar(255),
        profissao varchar(255),
        primary key (id)
    ) engine=InnoDB
Hibernate: 
    create table perfil (
        id bigint not null auto_increment,
        perfil_name varchar(255) not null,
        primary key (id)
    ) engine=InnoDB
Hibernate: 
    create table perfil_usuario (
        id bigint not null auto_increment,
        perfil_id bigint,
        usuario_id bigint,
        primary key (id)
    ) engine=InnoDB
Hibernate: 
    create table permissao_perfil_recurso (
        id bigint not null auto_increment,
        id_perfil bigint,
        id_recurso bigint,
        primary key (id)
    ) engine=InnoDB
Hibernate: 
    create table preditores (
        id bigint not null auto_increment,
        descricao varchar(45),
        primary key (id)
    ) engine=InnoDB
Hibernate: 
    create table preditores_item (
        id bigint not null auto_increment,
        id_preditor bigint not null,
        descricao varchar(45),
        primary key (id)
    ) engine=InnoDB
Hibernate: 
    create table procedimento (
        cirurgia TINYINT(4),
        porte varchar(2),
        porte_anestesico integer,
        id bigint not null auto_increment,
        codigo_tuss varchar(10),
        grupo varchar(45),
        subgrupo varchar(45),
        descricao varchar(255),
        primary key (id)
    ) engine=InnoDB
Hibernate: 
    create table recurso (
        id bigint not null auto_increment,
        chave varchar(255) not null,
        nome varchar(255) not null,
        primary key (id)
    ) engine=InnoDB
Hibernate: 
    create table risco (
        id bigint not null auto_increment,
        nome varchar(45),
        descricao varchar(255),
        primary key (id)
    ) engine=InnoDB
Hibernate: 
    create table usuario (
        department_id bigint,
        id bigint not null auto_increment,
        id_licenca bigint not null,
        crm varchar(255),
        especialidade varchar(255),
        user_email varchar(255) not null,
        user_login varchar(255) not null,
        user_name varchar(255) not null,
        user_senha varchar(255) not null,
        user_situacao enum ('ATIVO','INATIVO','PENDENTE') not null,
        primary key (id)
    ) engine=InnoDB
Hibernate: 
    create table usuario_verificador (
        data_expiracao datetime(6) not null,
        id bigint not null auto_increment,
        id_usuario bigint,
        uuid binary(16) not null,
        primary key (id)
    ) engine=InnoDB
Hibernate: 
    alter table paciente 
       add constraint UK_fvlo8m5kqpr7knbyw4rjyer2s unique (cpf)
Hibernate: 
    alter table usuario 
       add constraint UK_458hk3wld32cq0q9ctbw0y7hb unique (user_email)
Hibernate: 
    alter table usuario_verificador 
       add constraint UK_a910xlxt2j49hus7lxqjygkix unique (id_usuario)
Hibernate: 
    alter table form_risco_cirurgico 
       add constraint FK4eu0wi35vamovjl7hnagvf89x 
       foreign key (id_licenca) 
       references licenca (id)
Hibernate: 
    alter table form_risco_cirurgico 
       add constraint FKi85gq9x0x56ojy0gw1lng4qxc 
       foreign key (id_paciente) 
       references paciente (id)
Hibernate: 
    alter table form_risco_cirurgico 
       add constraint FKkrh2whl0l876x1y4870io31ix 
       foreign key (id_procedimento) 
       references procedimento (id)
Hibernate: 
    alter table form_risco_cirurgico 
       add constraint FKlf3ljom8ak6jbobkvutk0kdmk 
       foreign key (id_risco) 
       references risco (id)
Hibernate: 
    alter table form_risco_cirurgico 
       add constraint FKh42u145l1dk7thp5s66dpdilw 
       foreign key (id_usuario) 
       references usuario (id)
Hibernate: 
    alter table form_risco_cirurgico_classificacao 
       add constraint FKl9wbokp8dhmuyvu9v8ydylbia 
       foreign key (id_form) 
       references form_risco_cirurgico (id)
Hibernate: 
    alter table form_risco_cirurgico_exames_laboratoriais 
       add constraint FKcegqlch9m2jy2uxkdiqbsp0hr 
       foreign key (id_exames) 
       references exames_laboratoriais_entities (id)
Hibernate: 
    alter table form_risco_cirurgico_exames_laboratoriais 
       add constraint FKges5yrgnym7oqbw0lceybdokr 
       foreign key (id_form) 
       references form_risco_cirurgico (id)
Hibernate: 
    alter table form_risco_cirurgico_preditores 
       add constraint FKgj4ok8xu0xn4yptc5j815xhvw 
       foreign key (id_form) 
       references form_risco_cirurgico (id)
Hibernate: 
    alter table form_risco_cirurgico_preditores 
       add constraint FKp5tte7biwy0qwyy12cu7xutqk 
       foreign key (id_preditores) 
       references preditores (id)
Hibernate: 
    alter table modelo 
       add constraint FKoqc7gy3kkngvbcrbm8t6529fp 
       foreign key (id_licenca) 
       references licenca (id)
Hibernate: 
    alter table paciente 
       add constraint FK5jbxqarydp0s52rnrq9p12t0v 
       foreign key (id_licenca) 
       references licenca (id)
Hibernate: 
    alter table perfil_usuario 
       add constraint FKehpyjfa7ypmqsalbhmba2hdg1 
       foreign key (perfil_id) 
       references perfil (id)
Hibernate: 
    alter table perfil_usuario 
       add constraint FKp00rgyejcbm4s19gwux7uymem 
       foreign key (usuario_id) 
       references usuario (id)
Hibernate: 
    alter table permissao_perfil_recurso 
       add constraint FK8bvs6f6jehlmvsx96a6dssf5m 
       foreign key (id_perfil) 
       references perfil (id)
Hibernate: 
    alter table permissao_perfil_recurso 
       add constraint FKkfm0k3rpevn99otsh8y6aq0dj 
       foreign key (id_recurso) 
       references recurso (id)
Hibernate: 
    alter table preditores_item 
       add constraint FKcefbeevxiqo4nqbdwko6ku0bo 
       foreign key (id_preditor) 
       references preditores (id)
Hibernate: 
    alter table usuario 
       add constraint FKcsa6lcun27lge2fw9gt1mmxus 
       foreign key (department_id) 
       references department (id)
Hibernate: 
    alter table usuario 
       add constraint FK1qdjtw6eaen6f6erc1gm0grat 
       foreign key (id_licenca) 
       references licenca (id)
Hibernate: 
    alter table usuario_verificador 
       add constraint FK28vf2lusb01547pd4thh5rell 
       foreign key (id_usuario) 
       references usuario (id)
2024-09-05T08:33:30.335-04:00  INFO 20984 --- [RiscoCirurgico] [           main] j.LocalContainerEntityManagerFactoryBean : Initialized JPA EntityManagerFactory for persistence unit 'default'
2024-09-05T08:33:31.466-04:00  WARN 20984 --- [RiscoCirurgico] [           main] JpaBaseConfiguration$JpaWebConfiguration : spring.jpa.open-in-view is enabled by default. Therefore, database queries may be performed during view rendering. Explicitly configure spring.jpa.open-in-view to disable this warning
2024-09-05T08:33:31.946-04:00  INFO 20984 --- [RiscoCirurgico] [           main] o.s.s.web.DefaultSecurityFilterChain     : Will secure any request with [org.springframework.security.web.session.DisableEncodeUrlFilter@7c424dfe, org.springframework.security.web.context.request.async.WebAsyncManagerIntegrationFilter@3577e37c, org.springframework.security.web.context.SecurityContextHolderFilter@48463900, org.springframework.security.web.header.HeaderWriterFilter@365fde74, org.springframework.web.filter.CorsFilter@16ac67e3, org.springframework.security.web.authentication.logout.LogoutFilter@6c79a7c1, com.unirio.Meu.Projeto.Security.jwt.AuthFilterToken@1851f19f, org.springframework.security.web.savedrequest.RequestCacheAwareFilter@7c070e78, org.springframework.security.web.servletapi.SecurityContextHolderAwareRequestFilter@63ead376, org.springframework.security.web.authentication.AnonymousAuthenticationFilter@eb5471c, org.springframework.security.web.session.SessionManagementFilter@7c7d83ff, org.springframework.security.web.access.ExceptionTranslationFilter@3582077c, org.springframework.security.web.access.intercept.AuthorizationFilter@7ed6e557]
2024-09-05T08:33:32.537-04:00  INFO 20984 --- [RiscoCirurgico] [           main] c.u.M.P.MeuProjetoApplicationTests       : Started MeuProjetoApplicationTests in 8.126 seconds (process running for 9.207)
]]></system-out>
  </testcase>
</testsuite>